[2021-12-30T10:51:32.161] [INFO] DataBase - {
  r: 'mongodb',
  msg: 'Database_successfully_connected',
  body: 'success'
}
[2021-12-30T14:15:20.373] [INFO] DataBase - {
  r: 'mongodb',
  msg: 'Database_successfully_connected',
  body: 'success'
}
[2021-12-30T14:15:49.005] [INFO] DataBase - {
  r: 'mongodb',
  msg: 'Database_successfully_connected',
  body: 'success'
}
[2021-12-30T14:16:28.497] [INFO] DataBase - {
  r: 'mongodb',
  msg: 'Database_successfully_connected',
  body: 'success'
}
[2021-12-30T14:16:53.129] [INFO] DataBase - {
  r: 'mongodb',
  msg: 'Database_successfully_connected',
  body: 'success'
}
[2021-12-30T14:17:36.159] [INFO] DataBase - {
  r: 'mongodb',
  msg: 'Database_successfully_connected',
  body: 'success'
}
[2021-12-30T14:20:20.792] [INFO] DataBase - {
  r: 'mongodb',
  msg: 'Database_successfully_connected',
  body: 'success'
}
[2021-12-30T14:20:42.248] [INFO] DataBase - {
  r: 'mongodb',
  msg: 'Database_successfully_connected',
  body: 'success'
}
[2021-12-30T14:21:11.878] [INFO] DataBase - {
  r: 'mongodb',
  msg: 'Database_successfully_connected',
  body: 'success'
}
[2021-12-30T14:21:29.439] [INFO] DataBase - {
  r: 'mongodb',
  msg: 'Database_successfully_connected',
  body: 'success'
}
[2021-12-30T14:21:29.476] [INFO] DataBase - {
  r: 'mongodb',
  msg: 'Database_successfully_connected',
  body: 'success'
}
[2021-12-30T14:22:32.423] [INFO] DataBase - {
  r: 'mongodb',
  msg: 'Database_successfully_connected',
  body: 'success'
}
[2021-12-30T14:22:32.426] [INFO] DataBase - {
  r: 'mongodb',
  msg: 'Database_successfully_connected',
  body: 'success'
}
[2021-12-30T14:23:22.915] [INFO] DataBase - {
  r: 'mongodb',
  msg: 'Database_successfully_connected',
  body: 'success'
}
[2021-12-30T14:23:22.919] [INFO] DataBase - {
  r: 'mongodb',
  msg: 'Database_successfully_connected',
  body: 'success'
}
[2022-01-03T12:42:09.409] [INFO] DataBase - {
  r: 'mongodb',
  msg: 'Database_successfully_connected',
  body: 'success'
}
[2022-01-03T12:42:09.414] [INFO] DataBase - {
  r: 'mongodb',
  msg: 'Database_successfully_connected',
  body: 'success'
}
[2022-01-03T12:42:15.657] [INFO] DataBase - {
  r: 'mongodb',
  msg: 'Database_successfully_connected',
  body: 'success'
}
[2022-01-03T12:42:15.660] [INFO] DataBase - {
  r: 'mongodb',
  msg: 'Database_successfully_connected',
  body: 'success'
}
